-------------------------------------------------------------------------------
Test set: com.example.CreatedCourierParameterizedTest
-------------------------------------------------------------------------------
Tests run: 4, Failures: 1, Errors: 0, Skipped: 0, Time elapsed: 0.704 s <<< FAILURE! - in com.example.CreatedCourierParameterizedTest
createCourierWithInvalidData[3](com.example.CreatedCourierParameterizedTest)  Time elapsed: 0.201 s  <<< FAILURE!
java.lang.AssertionError: expected:<201> but was:<400>
	at com.example.CreatedCourierParameterizedTest.createCourierWithInvalidData(CreatedCourierParameterizedTest.java:44)

