-------------------------------------------------------------------------------
Test set: com.example.LoginCourierParameterizedTest
-------------------------------------------------------------------------------
Tests run: 5, Failures: 1, Errors: 0, Skipped: 0, Time elapsed: 60.873 s <<< FAILURE! - in com.example.LoginCourierParameterizedTest
courierLoginWithInvalidData[3](com.example.LoginCourierParameterizedTest)  Time elapsed: 60.14 s  <<< FAILURE!
java.lang.AssertionError: expected:<504> but was:<400>
	at com.example.LoginCourierParameterizedTest.courierLoginWithInvalidData(LoginCourierParameterizedTest.java:49)

